2023-05-16 20:05:417 INFO  HomePage :74 - Mouse hover on “Desktops” Tab and click [[ChromeDriver: chrome on WINDOWS (35740411e8357f6b82c976ce64055820)] -> link text: Desktops]
2023-05-16 20:05:851 INFO  HomePage :93 - Click on Show All Desktop tab [[ChromeDriver: chrome on WINDOWS (35740411e8357f6b82c976ce64055820)] -> xpath: //a[normalize-space()='Show AllDesktops']]
2023-05-16 20:05:978 INFO  DesktopPage :45 - Click on sort by position [[ChromeDriver: chrome on WINDOWS (35740411e8357f6b82c976ce64055820)] -> id: input-sort]
2023-05-16 20:05:521 INFO  DesktopPage :74 - Select option product sorted by Name (Z - A)from sort by options [[ChromeDriver: chrome on WINDOWS (35740411e8357f6b82c976ce64055820)] -> id: input-sort]
2023-05-16 20:05:654 INFO  HomePage :74 - Mouse hover on “Desktops” Tab and click [[ChromeDriver: chrome on WINDOWS (99c06bbb2b2397c371a303f64217c3b1)] -> link text: Desktops]
2023-05-16 20:05:74 INFO  HomePage :93 - Click on Show All Desktop tab [[ChromeDriver: chrome on WINDOWS (99c06bbb2b2397c371a303f64217c3b1)] -> xpath: //a[normalize-space()='Show AllDesktops']]
2023-05-16 20:05:160 INFO  HomePage :105 - Clicking on Currency on top of page [[ChromeDriver: chrome on WINDOWS (99c06bbb2b2397c371a303f64217c3b1)] -> xpath: //span[normalize-space()='Currency']]
2023-05-16 20:05:765 INFO  HomePage :113 - Select £Pound Sterling from currency drop down list [[[ChromeDriver: chrome on WINDOWS (99c06bbb2b2397c371a303f64217c3b1)] -> xpath: //ul[@class = 'dropdown-menu']/li], [[ChromeDriver: chrome on WINDOWS (99c06bbb2b2397c371a303f64217c3b1)] -> xpath: //ul[@class = 'dropdown-menu']/li], [[ChromeDriver: chrome on WINDOWS (99c06bbb2b2397c371a303f64217c3b1)] -> xpath: //ul[@class = 'dropdown-menu']/li]]
2023-05-16 20:05:278 INFO  DesktopPage :74 - Select option product sorted by Name (A - Z)from sort by options [[ChromeDriver: chrome on WINDOWS (99c06bbb2b2397c371a303f64217c3b1)] -> id: input-sort]
2023-05-16 20:05:909 INFO  DesktopPage :79 - Clicking on HP LP3065 [[ChromeDriver: chrome on WINDOWS (99c06bbb2b2397c371a303f64217c3b1)] -> xpath: //a[contains(text(),'HP LP3065')]]
2023-05-16 20:05:948 INFO  ProductPage :52 - Verify the Text "HP LP3065" [[ChromeDriver: chrome on WINDOWS (99c06bbb2b2397c371a303f64217c3b1)] -> xpath: //a[contains(text(),'HP LP3065')]]
2023-05-16 20:05:96 INFO  ProductPage :58 - Select 2022November30 to date field [[ChromeDriver: chrome on WINDOWS (99c06bbb2b2397c371a303f64217c3b1)] -> xpath: //div[@class = 'input-group date']//button]
2023-05-16 20:05:840 INFO  ProductPage :82 - Enter Qty 1 to quantity field [[ChromeDriver: chrome on WINDOWS (99c06bbb2b2397c371a303f64217c3b1)] -> xpath: //input[@id='input-quantity']]
2023-05-16 20:05:507 INFO  ProductPage :87 - Clicking on Login Button [[ChromeDriver: chrome on WINDOWS (99c06bbb2b2397c371a303f64217c3b1)] -> xpath: //button[@id='button-cart']]
2023-05-16 20:05:55 INFO  ProductPage :91 - Verify the Message “Success: You have added HP LP3065 to your shopping cart!” [[ChromeDriver: chrome on WINDOWS (99c06bbb2b2397c371a303f64217c3b1)] -> xpath: //div[@class='alert alert-success alert-dismissible']]
2023-05-16 20:05:23 INFO  ProductPage :97 - Click on link “shopping cart” display into success message [[ChromeDriver: chrome on WINDOWS (99c06bbb2b2397c371a303f64217c3b1)] -> xpath: //a[contains(text(),'shopping cart')]]
2023-05-16 20:05:58 INFO  ShoppingCartPage :47 -  Verify the text Shopping Cart [[ChromeDriver: chrome on WINDOWS (99c06bbb2b2397c371a303f64217c3b1)] -> xpath: //div[@id='content']//h1]
2023-05-16 20:05:134 INFO  ShoppingCartPage :52 - Verify the Product name HP LP3065 [[ChromeDriver: chrome on WINDOWS (99c06bbb2b2397c371a303f64217c3b1)] -> xpath: //div[@class = 'table-responsive']/table/tbody/tr/td[2]/a]
2023-05-16 20:05:177 INFO  ShoppingCartPage :57 - Verify the Delivery Date 2022-11-30 [[ChromeDriver: chrome on WINDOWS (99c06bbb2b2397c371a303f64217c3b1)] -> xpath: //div[@class = 'table-responsive']/table/tbody/tr/td[2]/small[1]]
2023-05-16 20:05:200 INFO  ShoppingCartPage :62 - Verify the Model Product21 [[ChromeDriver: chrome on WINDOWS (99c06bbb2b2397c371a303f64217c3b1)] -> xpath: //div[@class = 'table-responsive']/table/tbody/tr/td[3]]
2023-05-16 20:05:232 INFO  ShoppingCartPage :67 - Verify the Total £74.73 [[ChromeDriver: chrome on WINDOWS (99c06bbb2b2397c371a303f64217c3b1)] -> xpath: //div[@class = 'table-responsive']/table/tbody/tr/td[6]]
2023-05-16 20:05:152 INFO  HomePage :80 - Mouse hover on “Laptops & Notebooks” Tab and click [[ChromeDriver: chrome on WINDOWS (e5341fda88a77af6fd536d10942ef7bd)] -> link text: Laptops & Notebooks]
2023-05-16 20:05:607 INFO  HomePage :99 - Click on Show All LaptopAndNotebook Tab [[ChromeDriver: chrome on WINDOWS (e5341fda88a77af6fd536d10942ef7bd)] -> xpath: //a[normalize-space()='Show AllLaptops & Notebooks']]
2023-05-16 20:05:730 INFO  DesktopPage :45 - Click on sort by position [[ChromeDriver: chrome on WINDOWS (e5341fda88a77af6fd536d10942ef7bd)] -> id: input-sort]
2023-05-16 20:05:234 INFO  DesktopPage :74 - Select option product sorted by Price (High > Low)from sort by options [[ChromeDriver: chrome on WINDOWS (e5341fda88a77af6fd536d10942ef7bd)] -> id: input-sort]
2023-05-16 20:05:345 INFO  LaptopAndNotebookPage :63 - Verify Product sorted  price High to low [[[ChromeDriver: chrome on WINDOWS (e5341fda88a77af6fd536d10942ef7bd)] -> xpath: //p[@class ='price']], [[ChromeDriver: chrome on WINDOWS (e5341fda88a77af6fd536d10942ef7bd)] -> xpath: //p[@class ='price']], [[ChromeDriver: chrome on WINDOWS (e5341fda88a77af6fd536d10942ef7bd)] -> xpath: //p[@class ='price']], [[ChromeDriver: chrome on WINDOWS (e5341fda88a77af6fd536d10942ef7bd)] -> xpath: //p[@class ='price']], [[ChromeDriver: chrome on WINDOWS (e5341fda88a77af6fd536d10942ef7bd)] -> xpath: //p[@class ='price']]]
2023-05-16 20:05:411 INFO  LaptopAndNotebookPage :63 - Verify Product sorted  price High to low [[[ChromeDriver: chrome on WINDOWS (e5341fda88a77af6fd536d10942ef7bd)] -> xpath: //p[@class ='price']], [[ChromeDriver: chrome on WINDOWS (e5341fda88a77af6fd536d10942ef7bd)] -> xpath: //p[@class ='price']], [[ChromeDriver: chrome on WINDOWS (e5341fda88a77af6fd536d10942ef7bd)] -> xpath: //p[@class ='price']], [[ChromeDriver: chrome on WINDOWS (e5341fda88a77af6fd536d10942ef7bd)] -> xpath: //p[@class ='price']], [[ChromeDriver: chrome on WINDOWS (e5341fda88a77af6fd536d10942ef7bd)] -> xpath: //p[@class ='price']]]
2023-05-16 20:05:185 INFO  HomePage :80 - Mouse hover on “Laptops & Notebooks” Tab and click [[ChromeDriver: chrome on WINDOWS (753b0324899bf92d75daa8ba4b6abdea)] -> link text: Laptops & Notebooks]
2023-05-16 20:05:613 INFO  HomePage :99 - Click on Show All LaptopAndNotebook Tab [[ChromeDriver: chrome on WINDOWS (753b0324899bf92d75daa8ba4b6abdea)] -> xpath: //a[normalize-space()='Show AllLaptops & Notebooks']]
2023-05-16 20:05:694 INFO  HomePage :105 - Clicking on Currency on top of page [[ChromeDriver: chrome on WINDOWS (753b0324899bf92d75daa8ba4b6abdea)] -> xpath: //span[normalize-space()='Currency']]
2023-05-16 20:05:293 INFO  HomePage :113 - Select £Pound Sterling from currency drop down list [[[ChromeDriver: chrome on WINDOWS (753b0324899bf92d75daa8ba4b6abdea)] -> xpath: //ul[@class = 'dropdown-menu']/li], [[ChromeDriver: chrome on WINDOWS (753b0324899bf92d75daa8ba4b6abdea)] -> xpath: //ul[@class = 'dropdown-menu']/li], [[ChromeDriver: chrome on WINDOWS (753b0324899bf92d75daa8ba4b6abdea)] -> xpath: //ul[@class = 'dropdown-menu']/li]]
2023-05-16 20:05:783 INFO  DesktopPage :74 - Select option product sorted by Price (High > Low)from sort by options [[ChromeDriver: chrome on WINDOWS (753b0324899bf92d75daa8ba4b6abdea)] -> id: input-sort]
2023-05-16 20:05:478 INFO  LaptopAndNotebookPage :80 - Select Macbook[[ChromeDriver: chrome on WINDOWS (753b0324899bf92d75daa8ba4b6abdea)] -> link text: MacBook]
2023-05-16 20:05:515 INFO  ProductPage :101 - Verify text MacBook [[ChromeDriver: chrome on WINDOWS (753b0324899bf92d75daa8ba4b6abdea)] -> xpath: //h1[contains(text(),'MacBook')]]
2023-05-16 20:05:197 INFO  ProductPage :87 - Clicking on Login Button [[ChromeDriver: chrome on WINDOWS (753b0324899bf92d75daa8ba4b6abdea)] -> xpath: //button[@id='button-cart']]
2023-05-16 20:05:733 INFO  ProductPage :91 - Verify the Message “Success: You have added HP LP3065 to your shopping cart!” [[ChromeDriver: chrome on WINDOWS (753b0324899bf92d75daa8ba4b6abdea)] -> xpath: //div[@class='alert alert-success alert-dismissible']]
2023-05-16 20:05:705 INFO  ProductPage :97 - Click on link “shopping cart” display into success message [[ChromeDriver: chrome on WINDOWS (753b0324899bf92d75daa8ba4b6abdea)] -> xpath: //a[contains(text(),'shopping cart')]]
2023-05-16 20:05:757 INFO  ShoppingCartPage :47 -  Verify the text Shopping Cart [[ChromeDriver: chrome on WINDOWS (753b0324899bf92d75daa8ba4b6abdea)] -> xpath: //div[@id='content']//h1]
2023-05-16 20:05:801 INFO  ShoppingCartPage :52 - Verify the Product name HP LP3065 [[ChromeDriver: chrome on WINDOWS (753b0324899bf92d75daa8ba4b6abdea)] -> xpath: //div[@class = 'table-responsive']/table/tbody/tr/td[2]/a]
2023-05-16 20:05:940 INFO  ShoppingCartPage :74 - Change Quantity 2 to quantity field [[ChromeDriver: chrome on WINDOWS (753b0324899bf92d75daa8ba4b6abdea)] -> xpath: //div[@class='input-group btn-block']/input[@type='text']]
2023-05-16 20:05:550 INFO  ShoppingCartPage :79 -  Click on “Update” Tab [[ChromeDriver: chrome on WINDOWS (753b0324899bf92d75daa8ba4b6abdea)] -> xpath: //i[@class = 'fa fa-refresh']]
2023-05-16 20:05:591 INFO  ShoppingCartPage :83 - Getting welcome back text [[ChromeDriver: chrome on WINDOWS (753b0324899bf92d75daa8ba4b6abdea)] -> xpath: //div[@id='checkout-cart']/div[1]]
2023-05-16 20:05:643 INFO  ShoppingCartPage :67 - Verify the Total £74.73 [[ChromeDriver: chrome on WINDOWS (753b0324899bf92d75daa8ba4b6abdea)] -> xpath: //div[@class = 'table-responsive']/table/tbody/tr/td[6]]
2023-05-16 20:05:62 INFO  ShoppingCartPage :89 - Click on “Checkout” button [[ChromeDriver: chrome on WINDOWS (753b0324899bf92d75daa8ba4b6abdea)] -> css selector: a.btn.btn-primary]
2023-05-16 20:05:95 INFO  CheckoutPage :76 - Verify the text “Checkout” [[ChromeDriver: chrome on WINDOWS (753b0324899bf92d75daa8ba4b6abdea)] -> xpath: //div[@id='content']/h1]
2023-05-16 20:05:659 INFO  CheckoutPage :82 - Verify the Text “New Customer” [[ChromeDriver: chrome on WINDOWS (753b0324899bf92d75daa8ba4b6abdea)] -> xpath: //h2[contains(text(),'New Customer')]]
2023-05-16 20:05:244 INFO  CheckoutPage :89 - Click on “Guest Checkout” radio button [[ChromeDriver: chrome on WINDOWS (753b0324899bf92d75daa8ba4b6abdea)] -> xpath: //input[@value='guest']]
2023-05-16 20:05:324 INFO  CheckoutPage :95 - Click on “Continue” tab [[ChromeDriver: chrome on WINDOWS (753b0324899bf92d75daa8ba4b6abdea)] -> xpath: //input[@id='button-account']]
2023-05-16 20:05:767 INFO  CheckoutPage :101 - Enter firstname Maulin to firstname field [[ChromeDriver: chrome on WINDOWS (753b0324899bf92d75daa8ba4b6abdea)] -> id: input-payment-firstname]
2023-05-16 20:05:952 INFO  CheckoutPage :107 - Enter lastname Patel to lastname field [[ChromeDriver: chrome on WINDOWS (753b0324899bf92d75daa8ba4b6abdea)] -> id: input-payment-lastname]
2023-05-16 20:05:85 INFO  CheckoutPage :113 - Enter email maulin to email field [[ChromeDriver: chrome on WINDOWS (753b0324899bf92d75daa8ba4b6abdea)] -> id: input-payment-email]
2023-05-16 20:05:220 INFO  CheckoutPage :119 - Enter phoneNumber 01234567890 to phoneNumber field [[ChromeDriver: chrome on WINDOWS (753b0324899bf92d75daa8ba4b6abdea)] -> id: input-payment-telephone]
2023-05-16 20:05:352 INFO  CheckoutPage :125 - Enter address Line 1 129 Pinner Road to address field [[ChromeDriver: chrome on WINDOWS (753b0324899bf92d75daa8ba4b6abdea)] -> id: input-payment-address-1]
2023-05-16 20:05:491 INFO  CheckoutPage :131 - Enter city London to city field [[ChromeDriver: chrome on WINDOWS (753b0324899bf92d75daa8ba4b6abdea)] -> id: input-payment-city]
2023-05-16 20:05:595 INFO  CheckoutPage :137 - Enter postcode N1 1AD to postcode field [[ChromeDriver: chrome on WINDOWS (753b0324899bf92d75daa8ba4b6abdea)] -> id: input-payment-postcode]
2023-05-16 20:05:707 INFO  CheckoutPage :143 - Select country United Kingdom to country field [[ChromeDriver: chrome on WINDOWS (753b0324899bf92d75daa8ba4b6abdea)] -> id: input-payment-country]
2023-05-16 20:05:842 INFO  CheckoutPage :150 - Select state Kent to state field [[ChromeDriver: chrome on WINDOWS (753b0324899bf92d75daa8ba4b6abdea)] -> id: input-payment-zone]
2023-05-16 20:05:927 INFO  CheckoutPage :156 -  Click on continue button [[ChromeDriver: chrome on WINDOWS (753b0324899bf92d75daa8ba4b6abdea)] -> id: button-guest]
2023-05-16 20:05:548 INFO  CheckoutPage :162 - Enter comments Nothing to Say! in to text area [[ChromeDriver: chrome on WINDOWS (753b0324899bf92d75daa8ba4b6abdea)] -> xpath: //textarea[@name='comment']]
2023-05-16 20:05:605 INFO  CheckoutPage :168 -  Check the Terms & Conditions check box [[ChromeDriver: chrome on WINDOWS (753b0324899bf92d75daa8ba4b6abdea)] -> xpath: //body/div[@id='checkout-checkout']/div[1]/div[1]/div[1]/div[3]/div[2]/div[1]/div[2]/div[1]/input[1]]
2023-05-16 20:05:668 INFO  CheckoutPage :174 - Click on “Continue” button [[ChromeDriver: chrome on WINDOWS (753b0324899bf92d75daa8ba4b6abdea)] -> id: button-payment-method]
2023-05-16 20:05:700 INFO  CheckoutPage :179 - Verify the message “Warning: Payment method required!” [[ChromeDriver: chrome on WINDOWS (753b0324899bf92d75daa8ba4b6abdea)] -> xpath: //div[@class='alert alert-danger alert-dismissible']]
2023-05-16 20:05:153 INFO  HomePage :128 - Select Login from myAccount drop down list [[[ChromeDriver: chrome on WINDOWS (cc054006d6f859d6db11e74f4cdf0600)] -> xpath: //ul[@class='dropdown-menu dropdown-menu-right']/li], [[ChromeDriver: chrome on WINDOWS (cc054006d6f859d6db11e74f4cdf0600)] -> xpath: //ul[@class='dropdown-menu dropdown-menu-right']/li]]
2023-05-16 20:05:191 INFO  LoginPage :36 - Verify the text “Returning Customer” [[ChromeDriver: chrome on WINDOWS (cc054006d6f859d6db11e74f4cdf0600)] -> xpath: //h2[contains(text(),'Returning Customer')]]
2023-05-16 20:05:770 INFO  HomePage :128 - Select Login from myAccount drop down list [[[ChromeDriver: chrome on WINDOWS (85d674438d42d64a0e020ad97621640f)] -> xpath: //ul[@class='dropdown-menu dropdown-menu-right']/li], [[ChromeDriver: chrome on WINDOWS (85d674438d42d64a0e020ad97621640f)] -> xpath: //ul[@class='dropdown-menu dropdown-menu-right']/li]]
2023-05-16 20:05:944 INFO  LoginPage :43 - Enter email iampatel@gmail.comto email field [[ChromeDriver: chrome on WINDOWS (85d674438d42d64a0e020ad97621640f)] -> id: input-email]
2023-05-16 20:05:65 INFO  LoginPage :49 - Enter password HelloNum1to password field [[ChromeDriver: chrome on WINDOWS (85d674438d42d64a0e020ad97621640f)] -> id: input-password]
2023-05-16 20:05:595 INFO  LoginPage :55 - Clicking on Login Button [[ChromeDriver: chrome on WINDOWS (85d674438d42d64a0e020ad97621640f)] -> xpath: //input[@value='Login']]
2023-05-16 20:05:684 INFO  LoginPage :60 - Verify text “My Account” [[ChromeDriver: chrome on WINDOWS (85d674438d42d64a0e020ad97621640f)] -> xpath: //h2[text()='My Account']]
2023-05-16 20:05:376 INFO  HomePage :128 - Select Logout from myAccount drop down list [[[ChromeDriver: chrome on WINDOWS (85d674438d42d64a0e020ad97621640f)] -> xpath: //ul[@class='dropdown-menu dropdown-menu-right']/li], [[ChromeDriver: chrome on WINDOWS (85d674438d42d64a0e020ad97621640f)] -> xpath: //ul[@class='dropdown-menu dropdown-menu-right']/li], [[ChromeDriver: chrome on WINDOWS (85d674438d42d64a0e020ad97621640f)] -> xpath: //ul[@class='dropdown-menu dropdown-menu-right']/li], [[ChromeDriver: chrome on WINDOWS (85d674438d42d64a0e020ad97621640f)] -> xpath: //ul[@class='dropdown-menu dropdown-menu-right']/li], [[ChromeDriver: chrome on WINDOWS (85d674438d42d64a0e020ad97621640f)] -> xpath: //ul[@class='dropdown-menu dropdown-menu-right']/li]]
2023-05-16 20:05:435 INFO  LogoutPage :27 - Verify text "Account Logout" [[ChromeDriver: chrome on WINDOWS (85d674438d42d64a0e020ad97621640f)] -> xpath: //h1[text()='Account Logout']]
2023-05-16 20:05:861 INFO  LogoutPage :33 - Clicking on Continue Button [[ChromeDriver: chrome on WINDOWS (85d674438d42d64a0e020ad97621640f)] -> xpath: //a[contains(text(),'Continue')]]
2023-05-16 20:05:809 INFO  HomePage :128 - Select Register from myAccount drop down list [[[ChromeDriver: chrome on WINDOWS (ad7899aed652d486818b1c6813a186c3)] -> xpath: //ul[@class='dropdown-menu dropdown-menu-right']/li], [[ChromeDriver: chrome on WINDOWS (ad7899aed652d486818b1c6813a186c3)] -> xpath: //ul[@class='dropdown-menu dropdown-menu-right']/li]]
2023-05-16 20:05:845 INFO  RegisterPage :58 - Verify the text “Register Account”. [[ChromeDriver: chrome on WINDOWS (ad7899aed652d486818b1c6813a186c3)] -> xpath: //h1[contains(text(),'Register Account')]]
2023-05-16 20:05:650 INFO  HomePage :128 - Select Register from myAccount drop down list [[[ChromeDriver: chrome on WINDOWS (7e6b9edd0286d2b5c2fe24dae8aa9ac4)] -> xpath: //ul[@class='dropdown-menu dropdown-menu-right']/li], [[ChromeDriver: chrome on WINDOWS (7e6b9edd0286d2b5c2fe24dae8aa9ac4)] -> xpath: //ul[@class='dropdown-menu dropdown-menu-right']/li]]
2023-05-16 20:05:769 INFO  RegisterPage :64 - Enter Firstname Iama to Firstname field [[ChromeDriver: chrome on WINDOWS (7e6b9edd0286d2b5c2fe24dae8aa9ac4)] -> id: input-firstname]
2023-05-16 20:05:863 INFO  RegisterPage :69 - Enter Lastname Patel to Lastname field [[ChromeDriver: chrome on WINDOWS (7e6b9edd0286d2b5c2fe24dae8aa9ac4)] -> id: input-lastname]
2023-05-16 20:05:05 INFO  RegisterPage :74 - Enter email patel79Aa@gmail.com to email field [[ChromeDriver: chrome on WINDOWS (7e6b9edd0286d2b5c2fe24dae8aa9ac4)] -> id: input-email]
2023-05-16 20:05:131 INFO  RegisterPage :79 - Enter Telephone 01234567890 to Telephone field [[ChromeDriver: chrome on WINDOWS (7e6b9edd0286d2b5c2fe24dae8aa9ac4)] -> id: input-telephone]
2023-05-16 20:05:251 INFO  RegisterPage :84 - Enter Password Hellonum1 to Password field [[ChromeDriver: chrome on WINDOWS (7e6b9edd0286d2b5c2fe24dae8aa9ac4)] -> id: input-password]
2023-05-16 20:05:360 INFO  RegisterPage :89 - Enter ConfirmPassword Hellonum1 to ConfirmPassword field [[ChromeDriver: chrome on WINDOWS (7e6b9edd0286d2b5c2fe24dae8aa9ac4)] -> id: input-confirm]
2023-05-16 20:05:414 INFO  RegisterPage :101 - Select Subscribe Yes radio button [[[ChromeDriver: chrome on WINDOWS (7e6b9edd0286d2b5c2fe24dae8aa9ac4)] -> xpath: //fieldset[3]//input], [[ChromeDriver: chrome on WINDOWS (7e6b9edd0286d2b5c2fe24dae8aa9ac4)] -> xpath: //fieldset[3]//input]]
2023-05-16 20:05:494 INFO  RegisterPage :106 - Click on Privacy Policy check box [[ChromeDriver: chrome on WINDOWS (7e6b9edd0286d2b5c2fe24dae8aa9ac4)] -> xpath: //input[@name='agree']]
2023-05-16 20:05:584 INFO  RegisterPage :111 - Clicking on Continue Button [[ChromeDriver: chrome on WINDOWS (7e6b9edd0286d2b5c2fe24dae8aa9ac4)] -> xpath: //input[@type='submit']]
2023-05-16 20:05:635 INFO  RegisterPage :115 - Verify the message “Your Account Has Been Created!” [[ChromeDriver: chrome on WINDOWS (7e6b9edd0286d2b5c2fe24dae8aa9ac4)] -> xpath: //h1[text()='Your Account Has Been Created!']]
2023-05-16 20:05:992 INFO  RegisterPage :121 - Clicking on Continue Button [[ChromeDriver: chrome on WINDOWS (7e6b9edd0286d2b5c2fe24dae8aa9ac4)] -> xpath: //a[text()='Continue']]
2023-05-16 20:05:682 INFO  HomePage :128 - Select Logout from myAccount drop down list [[[ChromeDriver: chrome on WINDOWS (7e6b9edd0286d2b5c2fe24dae8aa9ac4)] -> xpath: //ul[@class='dropdown-menu dropdown-menu-right']/li], [[ChromeDriver: chrome on WINDOWS (7e6b9edd0286d2b5c2fe24dae8aa9ac4)] -> xpath: //ul[@class='dropdown-menu dropdown-menu-right']/li], [[ChromeDriver: chrome on WINDOWS (7e6b9edd0286d2b5c2fe24dae8aa9ac4)] -> xpath: //ul[@class='dropdown-menu dropdown-menu-right']/li], [[ChromeDriver: chrome on WINDOWS (7e6b9edd0286d2b5c2fe24dae8aa9ac4)] -> xpath: //ul[@class='dropdown-menu dropdown-menu-right']/li], [[ChromeDriver: chrome on WINDOWS (7e6b9edd0286d2b5c2fe24dae8aa9ac4)] -> xpath: //ul[@class='dropdown-menu dropdown-menu-right']/li]]
2023-05-16 20:05:730 INFO  LogoutPage :27 - Verify text "Account Logout" [[ChromeDriver: chrome on WINDOWS (7e6b9edd0286d2b5c2fe24dae8aa9ac4)] -> xpath: //h1[text()='Account Logout']]
2023-05-16 20:05:156 INFO  LogoutPage :33 - Clicking on Continue Button [[ChromeDriver: chrome on WINDOWS (7e6b9edd0286d2b5c2fe24dae8aa9ac4)] -> xpath: //a[contains(text(),'Continue')]]
2023-05-16 20:05:37 INFO  HomePage :74 - Mouse hover on “Desktops” Tab and click [[ChromeDriver: chrome on WINDOWS (6f18fcc6d28995e69479eb8fc734c23f)] -> link text: Desktops]
2023-05-16 20:05:112 INFO  HomePage :68 - Click Show All Desktops from homepage Top menu  []
2023-05-16 20:05:135 INFO  DesktopPage :39 - Verify the text ‘Desktops’[[ChromeDriver: chrome on WINDOWS (6f18fcc6d28995e69479eb8fc734c23f)] -> xpath: //h2[contains(text(),'Desktops')]]
2023-05-16 20:05:904 INFO  HomePage :80 - Mouse hover on “Laptops & Notebooks” Tab and click [[ChromeDriver: chrome on WINDOWS (c994d57d6c709dcd1184c15669f8d81e)] -> link text: Laptops & Notebooks]
2023-05-16 20:05:987 INFO  HomePage :68 - Click Show All Laptops & Notebooks from homepage Top menu  []
2023-05-16 20:05:09 INFO  LaptopAndNotebookPage :39 - Verify the text ‘Laptops & Notebooks’ [[ChromeDriver: chrome on WINDOWS (c994d57d6c709dcd1184c15669f8d81e)] -> xpath: //h2[contains(text(),'Laptops & Notebooks')]]
2023-05-16 20:05:685 INFO  HomePage :86 -  Mouse hover on “Components” Tab and click [[ChromeDriver: chrome on WINDOWS (762d9d35b777ed698d014717b8122e08)] -> link text: Components]
2023-05-16 20:05:768 INFO  HomePage :68 - Click Show All Components from homepage Top menu  []
2023-05-16 20:05:793 INFO  ComponentsPage :23 - Verify the text ‘Components’ [[ChromeDriver: chrome on WINDOWS (762d9d35b777ed698d014717b8122e08)] -> xpath: //h2[contains(text(),'Components')]]
